Copyright 1986-2022 Xilinx, Inc. All Rights Reserved. Copyright 2022-2024 Advanced Micro Devices, Inc. All Rights Reserved.
-----------------------------------------------------------------------------------------------------------------------------------------------------------------
| Tool Version : Vivado v.2024.2 (win64) Build 5239630 Fri Nov 08 22:35:27 MST 2024
| Date         : Tue Mar 11 20:05:47 2025
| Host         : DESKTOP-91E7JBN running 64-bit major release  (build 9200)
| Command      : report_methodology -file placa_mae_methodology_drc_routed.rpt -pb placa_mae_methodology_drc_routed.pb -rpx placa_mae_methodology_drc_routed.rpx
| Design       : placa_mae
| Device       : xc7a100tcsg324-2
| Speed File   : -2
| Design State : Fully Routed
-----------------------------------------------------------------------------------------------------------------------------------------------------------------

Report Methodology

Table of Contents
-----------------
1. REPORT SUMMARY
2. REPORT DETAILS

1. REPORT SUMMARY
-----------------
            Netlist: netlist
          Floorplan: design_1
      Design limits: <entire design considered>
             Max checks: <unlimited>
             Checks found: 31
+-----------+------------------+--------------------------------+--------+
| Rule      | Severity         | Description                    | Checks |
+-----------+------------------+--------------------------------+--------+
| TIMING-17 | Critical Warning | Non-clocked sequential cell    | 14     |
| TIMING-20 | Warning          | Non-clocked latch              | 16     |
| LATCH-1   | Advisory         | Existing latches in the design | 1      |
+-----------+------------------+--------------------------------+--------+

2. REPORT DETAILS
-----------------
TIMING-17#1 Critical Warning
Non-clocked sequential cell  
The clock pin process_pm/pc_counter/contagem_reg[0]/C is not reached by a timing clock
Related violations: <none>

TIMING-17#2 Critical Warning
Non-clocked sequential cell  
The clock pin process_pm/pc_counter/contagem_reg[1]/C is not reached by a timing clock
Related violations: <none>

TIMING-17#3 Critical Warning
Non-clocked sequential cell  
The clock pin process_pm/pc_counter/contagem_reg[2]/C is not reached by a timing clock
Related violations: <none>

TIMING-17#4 Critical Warning
Non-clocked sequential cell  
The clock pin process_pm/pc_counter/contagem_reg[3]/C is not reached by a timing clock
Related violations: <none>

TIMING-17#5 Critical Warning
Non-clocked sequential cell  
The clock pin process_pm/pc_counter/contagem_reg[4]/C is not reached by a timing clock
Related violations: <none>

TIMING-17#6 Critical Warning
Non-clocked sequential cell  
The clock pin process_pm/peripheral_manager/pout_reg[0]/C is not reached by a timing clock
Related violations: <none>

TIMING-17#7 Critical Warning
Non-clocked sequential cell  
The clock pin process_pm/peripheral_manager/pout_reg[1]/C is not reached by a timing clock
Related violations: <none>

TIMING-17#8 Critical Warning
Non-clocked sequential cell  
The clock pin process_pm/peripheral_manager/pout_reg[2]/C is not reached by a timing clock
Related violations: <none>

TIMING-17#9 Critical Warning
Non-clocked sequential cell  
The clock pin process_pm/peripheral_manager/pout_reg[3]/C is not reached by a timing clock
Related violations: <none>

TIMING-17#10 Critical Warning
Non-clocked sequential cell  
The clock pin process_pm/peripheral_manager/pout_reg[4]/C is not reached by a timing clock
Related violations: <none>

TIMING-17#11 Critical Warning
Non-clocked sequential cell  
The clock pin process_pm/peripheral_manager/pout_reg[5]/C is not reached by a timing clock
Related violations: <none>

TIMING-17#12 Critical Warning
Non-clocked sequential cell  
The clock pin process_pm/peripheral_manager/pout_reg[6]/C is not reached by a timing clock
Related violations: <none>

TIMING-17#13 Critical Warning
Non-clocked sequential cell  
The clock pin process_pm/peripheral_manager/pout_reg[7]/C is not reached by a timing clock
Related violations: <none>

TIMING-17#14 Critical Warning
Non-clocked sequential cell  
The clock pin process_pm/register_flags/Flags_reg[3]/C is not reached by a timing clock
Related violations: <none>

TIMING-20#1 Warning
Non-clocked latch  
The latch process_pm/bank_register/operando1_reg[0] cannot be properly analyzed as its control pin process_pm/bank_register/operando1_reg[0]/G is not reached by a timing clock
Related violations: <none>

TIMING-20#2 Warning
Non-clocked latch  
The latch process_pm/bank_register/operando1_reg[1] cannot be properly analyzed as its control pin process_pm/bank_register/operando1_reg[1]/G is not reached by a timing clock
Related violations: <none>

TIMING-20#3 Warning
Non-clocked latch  
The latch process_pm/bank_register/operando1_reg[2] cannot be properly analyzed as its control pin process_pm/bank_register/operando1_reg[2]/G is not reached by a timing clock
Related violations: <none>

TIMING-20#4 Warning
Non-clocked latch  
The latch process_pm/bank_register/operando1_reg[3] cannot be properly analyzed as its control pin process_pm/bank_register/operando1_reg[3]/G is not reached by a timing clock
Related violations: <none>

TIMING-20#5 Warning
Non-clocked latch  
The latch process_pm/bank_register/operando1_reg[4] cannot be properly analyzed as its control pin process_pm/bank_register/operando1_reg[4]/G is not reached by a timing clock
Related violations: <none>

TIMING-20#6 Warning
Non-clocked latch  
The latch process_pm/bank_register/operando1_reg[5] cannot be properly analyzed as its control pin process_pm/bank_register/operando1_reg[5]/G is not reached by a timing clock
Related violations: <none>

TIMING-20#7 Warning
Non-clocked latch  
The latch process_pm/bank_register/operando1_reg[6] cannot be properly analyzed as its control pin process_pm/bank_register/operando1_reg[6]/G is not reached by a timing clock
Related violations: <none>

TIMING-20#8 Warning
Non-clocked latch  
The latch process_pm/bank_register/operando1_reg[7] cannot be properly analyzed as its control pin process_pm/bank_register/operando1_reg[7]/G is not reached by a timing clock
Related violations: <none>

TIMING-20#9 Warning
Non-clocked latch  
The latch process_pm/peripheral_manager/dados_in_reg[0] cannot be properly analyzed as its control pin process_pm/peripheral_manager/dados_in_reg[0]/G is not reached by a timing clock
Related violations: <none>

TIMING-20#10 Warning
Non-clocked latch  
The latch process_pm/peripheral_manager/dados_in_reg[1] cannot be properly analyzed as its control pin process_pm/peripheral_manager/dados_in_reg[1]/G is not reached by a timing clock
Related violations: <none>

TIMING-20#11 Warning
Non-clocked latch  
The latch process_pm/peripheral_manager/dados_in_reg[2] cannot be properly analyzed as its control pin process_pm/peripheral_manager/dados_in_reg[2]/G is not reached by a timing clock
Related violations: <none>

TIMING-20#12 Warning
Non-clocked latch  
The latch process_pm/peripheral_manager/dados_in_reg[3] cannot be properly analyzed as its control pin process_pm/peripheral_manager/dados_in_reg[3]/G is not reached by a timing clock
Related violations: <none>

TIMING-20#13 Warning
Non-clocked latch  
The latch process_pm/peripheral_manager/dados_in_reg[4] cannot be properly analyzed as its control pin process_pm/peripheral_manager/dados_in_reg[4]/G is not reached by a timing clock
Related violations: <none>

TIMING-20#14 Warning
Non-clocked latch  
The latch process_pm/peripheral_manager/dados_in_reg[5] cannot be properly analyzed as its control pin process_pm/peripheral_manager/dados_in_reg[5]/G is not reached by a timing clock
Related violations: <none>

TIMING-20#15 Warning
Non-clocked latch  
The latch process_pm/peripheral_manager/dados_in_reg[6] cannot be properly analyzed as its control pin process_pm/peripheral_manager/dados_in_reg[6]/G is not reached by a timing clock
Related violations: <none>

TIMING-20#16 Warning
Non-clocked latch  
The latch process_pm/peripheral_manager/dados_in_reg[7] cannot be properly analyzed as its control pin process_pm/peripheral_manager/dados_in_reg[7]/G is not reached by a timing clock
Related violations: <none>

LATCH-1#1 Advisory
Existing latches in the design  
There are 16 latches found in the design. Inferred latches are often the result of HDL coding mistakes, such as incomplete if or case statements.
Related violations: <none>


